<?xml version="1.0" encoding="UTF-8"?>
<Site BuildName="(empty)"
	BuildStamp="20240717-0128-Experimental"
	Name="chiba"
	Generator="ctest-3.22.1"
	CompilerName="/usr/bin/c++"
	CompilerVersion="11.4.0"
	OSName="Linux"
	Hostname="chiba"
	OSRelease="6.5.0-41-generic"
	OSVersion="#41~22.04.2-Ubuntu SMP PREEMPT_DYNAMIC Mon Jun  3 11:32:55 UTC 2"
	OSPlatform="x86_64"
	Is64Bits="1"
	VendorString="GenuineIntel"
	VendorID="Intel Corporation"
	FamilyID="6"
	ModelID="158"
	ProcessorCacheSize="6144"
	NumberOfLogicalCPU="8"
	NumberOfPhysicalCPU="8"
	TotalVirtualMemory="2047"
	TotalPhysicalMemory="7896"
	LogicalProcessorsPerPhysical="1"
	ProcessorClockFrequency="2808"
	>
	<Testing>
		<StartDateTime>Jul 17 10:28 JST</StartDateTime>
		<StartTestTime>1721179717</StartTestTime>
		<TestList/>
		<EndDateTime>Jul 17 10:28 JST</EndDateTime>
		<EndTestTime>1721179717</EndTestTime>
		<ElapsedMinutes>0</ElapsedMinutes>
	</Testing>
</Site>
